0 info it worked if it ends with ok
1 verbose cli [ '/usr/local/Cellar/node/6.2.2/bin/node',
1 verbose cli   '/usr/local/bin/npm',
1 verbose cli   'run',
1 verbose cli   'server' ]
2 info using npm@3.10.8
3 info using node@v6.4.0
4 verbose run-script [ 'preserver', 'server', 'postserver' ]
5 info lifecycle react-node-socket-chat@1.0.0~preserver: react-node-socket-chat@1.0.0
6 silly lifecycle react-node-socket-chat@1.0.0~preserver: no script for preserver, continuing
7 info lifecycle react-node-socket-chat@1.0.0~server: react-node-socket-chat@1.0.0
8 verbose lifecycle react-node-socket-chat@1.0.0~server: unsafe-perm in lifecycle true
9 verbose lifecycle react-node-socket-chat@1.0.0~server: PATH: /usr/local/lib/node_modules/npm/bin/node-gyp-bin:/Volumes/Projects/react/react-node-socket-chat/node_modules/.bin:/usr/local/Cellar/node/6.2.2/bin:/usr/local/bin:/usr/bin:/bin:/usr/sbin:/sbin:/Users/deepak/Library/Android/sdk/tools:/Users/deepak/Library/Android/sdk/platform-tools
10 verbose lifecycle react-node-socket-chat@1.0.0~server: CWD: /Volumes/Projects/react/react-node-socket-chat
11 silly lifecycle react-node-socket-chat@1.0.0~server: Args: [ '-c', 'node server.js' ]
12 silly lifecycle react-node-socket-chat@1.0.0~server: Returned: code: 1  signal: null
13 info lifecycle react-node-socket-chat@1.0.0~server: Failed to exec server script
14 verbose stack Error: react-node-socket-chat@1.0.0 server: `node server.js`
14 verbose stack Exit status 1
14 verbose stack     at EventEmitter.<anonymous> (/usr/local/lib/node_modules/npm/lib/utils/lifecycle.js:255:16)
14 verbose stack     at emitTwo (events.js:106:13)
14 verbose stack     at EventEmitter.emit (events.js:191:7)
14 verbose stack     at ChildProcess.<anonymous> (/usr/local/lib/node_modules/npm/lib/utils/spawn.js:40:14)
14 verbose stack     at emitTwo (events.js:106:13)
14 verbose stack     at ChildProcess.emit (events.js:191:7)
14 verbose stack     at maybeClose (internal/child_process.js:852:16)
14 verbose stack     at Process.ChildProcess._handle.onexit (internal/child_process.js:215:5)
15 verbose pkgid react-node-socket-chat@1.0.0
16 verbose cwd /Volumes/Projects/react/react-node-socket-chat
17 error Darwin 16.1.0
18 error argv "/usr/local/Cellar/node/6.2.2/bin/node" "/usr/local/bin/npm" "run" "server"
19 error node v6.4.0
20 error npm  v3.10.8
21 error code ELIFECYCLE
22 error react-node-socket-chat@1.0.0 server: `node server.js`
22 error Exit status 1
23 error Failed at the react-node-socket-chat@1.0.0 server script 'node server.js'.
23 error Make sure you have the latest version of node.js and npm installed.
23 error If you do, this is most likely a problem with the react-node-socket-chat package,
23 error not with npm itself.
23 error Tell the author that this fails on your system:
23 error     node server.js
23 error You can get information on how to open an issue for this project with:
23 error     npm bugs react-node-socket-chat
23 error Or if that isn't available, you can get their info via:
23 error     npm owner ls react-node-socket-chat
23 error There is likely additional logging output above.
24 verbose exit [ 1, true ]
